[debug] [2024-01-11T08:48:05.501Z] ----------------------------------------------------------------------
[debug] [2024-01-11T08:48:05.505Z] Command:       C:\Program Files\nodejs\node.exe C:\Users\OMEN\AppData\Roaming\npm\node_modules\firebase-tools\lib\bin\firebase.js init
[debug] [2024-01-11T08:48:05.505Z] CLI Version:   13.0.3
[debug] [2024-01-11T08:48:05.506Z] Platform:      win32
[debug] [2024-01-11T08:48:05.506Z] Node Version:  v20.6.0
[debug] [2024-01-11T08:48:05.506Z] Time:          Thu Jan 11 2024 14:33:05 GMT+0545 (Nepal Time)
[debug] [2024-01-11T08:48:05.506Z] ----------------------------------------------------------------------
[debug] 
[debug] [2024-01-11T08:48:05.617Z] > command requires scopes: ["email","openid","https://www.googleapis.com/auth/cloudplatformprojects.readonly","https://www.googleapis.com/auth/firebase","https://www.googleapis.com/auth/cloud-platform"]
[debug] [2024-01-11T08:48:05.617Z] > authorizing via signed-in user (thapaaadarsha73@gmail.com)
[info] 
     ######## #### ########  ######## ########     ###     ######  ########
     ##        ##  ##     ## ##       ##     ##  ##   ##  ##       ##
     ######    ##  ########  ######   ########  #########  ######  ######
     ##        ##  ##    ##  ##       ##     ## ##     ##       ## ##
     ##       #### ##     ## ######## ########  ##     ##  ######  ########

You're about to initialize a Firebase project in this directory:

  C:\Users\OMEN\Desktop\technicalblog

Before we get started, keep in mind:

  * You are initializing within an existing Firebase project directory

[info] 
=== Project Setup
[info] 
[info] First, let's associate this project directory with a Firebase project.
[info] You can create multiple project aliases by running firebase use --add, 
[info] but for now we'll just set up a default project.
[info] 
[debug] [2024-01-11T08:48:16.593Z] Using project from CLI flag: portfolio-866f3
[debug] [2024-01-11T08:48:16.596Z] >>> [apiv2][query] GET https://firebase.googleapis.com/v1beta1/projects/portfolio-866f3 [none]
[debug] [2024-01-11T08:48:17.382Z] <<< [apiv2][status] GET https://firebase.googleapis.com/v1beta1/projects/portfolio-866f3 200
[debug] [2024-01-11T08:48:17.382Z] <<< [apiv2][body] GET https://firebase.googleapis.com/v1beta1/projects/portfolio-866f3 {"projectId":"portfolio-866f3","projectNumber":"549868117255","displayName":"Portfolio","name":"projects/portfolio-866f3","resources":{"hostingSite":"portfolio-866f3"},"state":"ACTIVE","etag":"1_af2bd38d-fece-4bb4-91ce-9e4474555500"}
[info] i  Using project portfolio-866f3 (Portfolio) 
[info] 
=== Hosting Setup
[debug] [2024-01-11T08:48:17.393Z] >>> [apiv2][query] GET https://firebase.googleapis.com/v1beta1/projects/portfolio-866f3 [none]
[debug] [2024-01-11T08:48:17.727Z] <<< [apiv2][status] GET https://firebase.googleapis.com/v1beta1/projects/portfolio-866f3 200
[debug] [2024-01-11T08:48:17.728Z] <<< [apiv2][body] GET https://firebase.googleapis.com/v1beta1/projects/portfolio-866f3 {"projectId":"portfolio-866f3","projectNumber":"549868117255","displayName":"Portfolio","name":"projects/portfolio-866f3","resources":{"hostingSite":"portfolio-866f3"},"state":"ACTIVE","etag":"1_af2bd38d-fece-4bb4-91ce-9e4474555500"}
[info] 
[info] Your public directory is the folder (relative to your project directory) that
[info] will contain Hosting assets to be uploaded with firebase deploy. If you
[info] have a build process for your assets, use your build's output directory.
[info] 
